# JRE version: OpenJDK Runtime Environment Temurin-21.0.8+9 (21.0.8+9) (build 21.0.8+9-LTS)
# Java VM: OpenJDK 64-Bit Server VM Temurin-21.0.8+9 (21.0.8+9-LTS, mixed mode, tiered, compressed oops, compressed class ptrs, g1 gc, windows-amd64)
GC Precious Log:
 CardTable entry size: 512
 Card Set container configuration: InlinePtr #cards 5 size 8 Array Of Cards #cards 12 size 40 Howl #buckets 4 coarsen threshold 1843 Howl Bitmap #cards 512 size 80 coarsen threshold 460 Card regions per heap region 1 cards per card region 2048
 CPUs: 8 total, 8 available
 Memory: 7103M
 Large Page Support: Disabled
 NUMA Support: Disabled
 Compressed Oops: Enabled (32-bit)
 Heap Region Size: 1M
 Heap Min Capacity: 8M
 Heap Initial Capacity: 112M
 Heap Max Capacity: 1776M
 Pre-touch: Disabled
 Parallel Workers: 8
 Concurrent Workers: 2
 Concurrent Refinement Workers: 8
 Periodic GC: Disabled
Heap:
 garbage-first heap   total 106496K, used 48519K [0x0000000091000000, 0x0000000100000000)
  region size 1024K, 1 young (1024K), 1 survivors (1024K)
 Metaspace       used 36273K, committed 37056K, reserved 1114112K
  class space    used 3775K, committed 4096K, reserved 1048576K
GC Heap History (20 events):
Event: 1.850 GC heap after
{Heap after GC invocations=2 (full 0):
 garbage-first heap   total 114688K, used 8927K [0x0000000091000000, 0x0000000100000000)
  region size 1024K, 3 young (3072K), 3 survivors (3072K)
 Metaspace       used 21137K, committed 21504K, reserved 1114112K
  class space    used 2001K, committed 2176K, reserved 1048576K
}
Event: 2.367 GC heap before
{Heap before GC invocations=3 (full 0):
 garbage-first heap   total 34816K, used 25311K [0x0000000091000000, 0x0000000100000000)
  region size 1024K, 20 young (20480K), 3 survivors (3072K)
 Metaspace       used 26131K, committed 26752K, reserved 1114112K
  class space    used 2628K, committed 2944K, reserved 1048576K
}
Event: 2.370 GC heap after
{Heap after GC invocations=4 (full 0):
 garbage-first heap   total 34816K, used 11068K [0x0000000091000000, 0x0000000100000000)
  region size 1024K, 3 young (3072K), 3 survivors (3072K)
 Metaspace       used 26131K, committed 26752K, reserved 1114112K
  class space    used 2628K, committed 2944K, reserved 1048576K
}
Event: 2.895 GC heap before
{Heap before GC invocations=4 (full 0):
 garbage-first heap   total 34816K, used 23356K [0x0000000091000000, 0x0000000100000000)
  region size 1024K, 16 young (16384K), 3 survivors (3072K)
 Metaspace       used 31590K, committed 32256K, reserved 1114112K
  class space    used 3232K, committed 3520K, reserved 1048576K
}
Event: 2.898 GC heap after
{Heap after GC invocations=5 (full 0):
 garbage-first heap   total 34816K, used 12728K [0x0000000091000000, 0x0000000100000000)
  region size 1024K, 2 young (2048K), 2 survivors (2048K)
 Metaspace       used 31590K, committed 32256K, reserved 1114112K
  class space    used 3232K, committed 3520K, reserved 1048576K
}
Event: 3.204 GC heap before
{Heap before GC invocations=5 (full 0):
 garbage-first heap   total 34816K, used 17848K [0x0000000091000000, 0x0000000100000000)
  region size 1024K, 8 young (8192K), 2 survivors (2048K)
 Metaspace       used 35227K, committed 35968K, reserved 1114112K
  class space    used 3668K, committed 3968K, reserved 1048576K
}
Event: 3.208 GC heap after
{Heap after GC invocations=6 (full 0):
 garbage-first heap   total 34816K, used 13845K [0x0000000091000000, 0x0000000100000000)
  region size 1024K, 2 young (2048K), 2 survivors (2048K)
 Metaspace       used 35227K, committed 35968K, reserved 1114112K
  class space    used 3668K, committed 3968K, reserved 1048576K
}
Event: 3.372 GC heap before
{Heap before GC invocations=7 (full 0):
 garbage-first heap   total 34816K, used 26133K [0x0000000091000000, 0x0000000100000000)
  region size 1024K, 15 young (15360K), 2 survivors (2048K)
 Metaspace       used 36188K, committed 36992K, reserved 1114112K
  class space    used 3770K, committed 4096K, reserved 1048576K
}
Event: 3.374 GC heap after
{Heap after GC invocations=8 (full 0):
 garbage-first heap   total 34816K, used 14435K [0x0000000091000000, 0x0000000100000000)
  region size 1024K, 2 young (2048K), 2 survivors (2048K)
 Metaspace       used 36188K, committed 36992K, reserved 1114112K
  class space    used 3770K, committed 4096K, reserved 1048576K
}
Event: 3.493 GC heap before
{Heap before GC invocations=8 (full 0):
 garbage-first heap   total 34816K, used 27747K [0x0000000091000000, 0x0000000100000000)
  region size 1024K, 15 young (15360K), 2 survivors (2048K)
 Metaspace       used 36221K, committed 36992K, reserved 1114112K
  class space    used 3770K, committed 4096K, reserved 1048576K
}
Event: 3.500 GC heap after
{Heap after GC invocations=9 (full 0):
 garbage-first heap   total 43008K, used 25968K [0x0000000091000000, 0x0000000100000000)
  region size 1024K, 2 young (2048K), 2 survivors (2048K)
 Metaspace       used 36221K, committed 36992K, reserved 1114112K
  class space    used 3770K, committed 4096K, reserved 1048576K
}
Event: 3.538 GC heap before
{Heap before GC invocations=9 (full 0):
 garbage-first heap   total 43008K, used 32112K [0x0000000091000000, 0x0000000100000000)
  region size 1024K, 8 young (8192K), 2 survivors (2048K)
 Metaspace       used 36221K, committed 36992K, reserved 1114112K
  class space    used 3770K, committed 4096K, reserved 1048576K
}
Event: 3.542 GC heap after
{Heap after GC invocations=10 (full 0):
 garbage-first heap   total 52224K, used 33393K [0x0000000091000000, 0x0000000100000000)
  region size 1024K, 1 young (1024K), 1 survivors (1024K)
 Metaspace       used 36221K, committed 36992K, reserved 1114112K
  class space    used 3770K, committed 4096K, reserved 1048576K
}
Event: 3.571 GC heap before
{Heap before GC invocations=10 (full 0):
 garbage-first heap   total 56320K, used 38513K [0x0000000091000000, 0x0000000100000000)
  region size 1024K, 6 young (6144K), 1 survivors (1024K)
 Metaspace       used 36221K, committed 36992K, reserved 1114112K
  class space    used 3770K, committed 4096K, reserved 1048576K
}
Event: 3.574 GC heap after
{Heap after GC invocations=11 (full 0):
 garbage-first heap   total 56320K, used 39097K [0x0000000091000000, 0x0000000100000000)
  region size 1024K, 1 young (1024K), 1 survivors (1024K)
 Metaspace       used 36221K, committed 36992K, reserved 1114112K
  class space    used 3770K, committed 4096K, reserved 1048576K
}
Event: 3.591 GC heap before
{Heap before GC invocations=12 (full 0):
 garbage-first heap   total 56320K, used 43193K [0x0000000091000000, 0x0000000100000000)
  region size 1024K, 5 young (5120K), 1 survivors (1024K)
 Metaspace       used 36221K, committed 36992K, reserved 1114112K
  class space    used 3770K, committed 4096K, reserved 1048576K
}
Event: 3.594 GC heap after
{Heap after GC invocations=13 (full 0):
 garbage-first heap   total 56320K, used 43835K [0x0000000091000000, 0x0000000100000000)
  region size 1024K, 1 young (1024K), 1 survivors (1024K)
 Metaspace       used 36221K, committed 36992K, reserved 1114112K
  class space    used 3770K, committed 4096K, reserved 1048576K
}
Event: 3.604 GC heap before
{Heap before GC invocations=13 (full 0):
 garbage-first heap   total 56320K, used 46907K [0x0000000091000000, 0x0000000100000000)
  region size 1024K, 4 young (4096K), 1 survivors (1024K)
 Metaspace       used 36221K, committed 36992K, reserved 1114112K
  class space    used 3770K, committed 4096K, reserved 1048576K
}
Event: 3.608 GC heap after
{Heap after GC invocations=14 (full 0):
 garbage-first heap   total 56320K, used 46965K [0x0000000091000000, 0x0000000100000000)
  region size 1024K, 1 young (1024K), 1 survivors (1024K)
 Metaspace       used 36221K, committed 36992K, reserved 1114112K
  class space    used 3770K, committed 4096K, reserved 1048576K
}
Event: 3.665 GC heap before
{Heap before GC invocations=14 (full 0):
 garbage-first heap   total 56320K, used 49013K [0x0000000091000000, 0x0000000100000000)
  region size 1024K, 3 young (3072K), 1 survivors (1024K)
 Metaspace       used 36273K, committed 37056K, reserved 1114112K
  class space    used 3775K, committed 4096K, reserved 1048576K
}

